This file contains any messages produced by compilers while
running configure, to aid debugging if configure makes a mistake.

It was created by configure, which was
generated by GNU Autoconf 2.69.  Invocation command line was

  $ ./configure --prefix=/data/data/com.termux/files/home --with-debug

## --------- ##
## Platform. ##
## --------- ##

hostname = localhost
uname -m = aarch64
uname -r = 4.4.78-perf+
uname -s = Linux
uname -v = #1 SMP PREEMPT Mon Mar 18 14:54:20 EDT 2019

/usr/bin/uname -p = unknown
/bin/uname -X     = unknown

/bin/arch              = unknown
/usr/bin/arch -k       = unknown
/usr/convex/getsysinfo = unknown
/usr/bin/hostinfo      = unknown
/bin/machine           = unknown
/usr/bin/oslevel       = unknown
/bin/universe          = unknown

PATH: /data/data/com.termux/files/home/bin
PATH: /data/data/com.termux/files/home/bin
PATH: /data/data/com.termux/files/usr/bin
PATH: /data/data/com.termux/files/usr/bin/applets


## ----------- ##
## Core tests. ##
## ----------- ##

configure:2161: checking for gcc
configure:2177: found /data/data/com.termux/files/usr/bin/gcc
configure:2188: result: gcc
configure:2417: checking for C compiler version
configure:2426: gcc --version >&5
clang version 8.0.1 (tags/RELEASE_801/final)
Target: aarch64-unknown-linux-android
Thread model: posix
InstalledDir: /data/data/com.termux/files/usr/bin
configure:2437: $? = 0
configure:2426: gcc -v >&5
clang version 8.0.1 (tags/RELEASE_801/final)
Target: aarch64-unknown-linux-android
Thread model: posix
InstalledDir: /data/data/com.termux/files/usr/bin
configure:2437: $? = 0
configure:2426: gcc -V >&5
clang-8: error: argument to '-V' is missing (expected 1 value)
clang-8: error: no input files
configure:2437: $? = 1
configure:2426: gcc -qversion >&5
clang-8: error: unknown argument '-qversion', did you mean '--version'?
clang-8: error: no input files
configure:2437: $? = 1
configure:2457: checking whether the C compiler works
configure:2479: gcc    conftest.c  >&5
configure:2483: $? = 0
configure:2531: result: yes
configure:2534: checking for C compiler default output file name
configure:2536: result: a.out
configure:2542: checking for suffix of executables
configure:2549: gcc -o conftest    conftest.c  >&5
configure:2553: $? = 0
configure:2575: result: 
configure:2597: checking whether we are cross compiling
configure:2605: gcc -o conftest    conftest.c  >&5
configure:2609: $? = 0
configure:2616: ./conftest
configure:2620: $? = 0
configure:2635: result: no
configure:2640: checking for suffix of object files
configure:2662: gcc -c   conftest.c >&5
configure:2666: $? = 0
configure:2687: result: o
configure:2691: checking whether we are using the GNU C compiler
configure:2710: gcc -c   conftest.c >&5
configure:2710: $? = 0
configure:2719: result: yes
configure:2728: checking whether gcc accepts -g
configure:2748: gcc -c -g  conftest.c >&5
configure:2748: $? = 0
configure:2789: result: yes
configure:2806: checking for gcc option to accept ISO C89
configure:2869: gcc  -c -g -O2  conftest.c >&5

## ---------------- ##
## Cache variables. ##
## ---------------- ##

ac_cv_c_compiler_gnu='yes'
ac_cv_env_CC_set=''
ac_cv_env_CC_value=''
ac_cv_env_CFLAGS_set=''
ac_cv_env_CFLAGS_value=''
ac_cv_env_CPPFLAGS_set=''
ac_cv_env_CPPFLAGS_value=''
ac_cv_env_CPP_set=''
ac_cv_env_CPP_value=''
ac_cv_env_LDFLAGS_set=''
ac_cv_env_LDFLAGS_value=''
ac_cv_env_LIBS_set=''
ac_cv_env_LIBS_value=''
ac_cv_env_build_alias_set=''
ac_cv_env_build_alias_value=''
ac_cv_env_host_alias_set=''
ac_cv_env_host_alias_value=''
ac_cv_env_target_alias_set=''
ac_cv_env_target_alias_value=''
ac_cv_objext='o'
ac_cv_prog_ac_ct_CC='gcc'
ac_cv_prog_cc_c89='no'
ac_cv_prog_cc_g='yes'

## ----------------- ##
## Output variables. ##
## ----------------- ##

CC='gcc '
CFFI=''
CFLAGS='-g -O2'
COMMON_OBJS=''
CPP=''
CPPFLAGS=''
CXX=''
CXXFLAGS=''
DEFS=''
DESTDIR=''
ECHO_C=''
ECHO_N='-n'
ECHO_T=''
EGREP=''
ENABLE_THREAD=''
EXEEXT=''
GREP=''
INSTALL_DATA=''
INSTALL_PROGRAM=''
INSTALL_SCRIPT=''
LDFLAGS=''
LIBOBJS=''
LIBS=''
LTLIBOBJS=''
OBJEXT='o'
OBJS=''
OS=''
PACKAGE_BUGREPORT=''
PACKAGE_NAME=''
PACKAGE_STRING=''
PACKAGE_TARNAME=''
PACKAGE_URL=''
PACKAGE_VERSION=''
PATH_SEPARATOR=':'
RUNTIME_OBJS=''
SHELL='/bin/sh'
ac_ct_CC='gcc'
bindir='${exec_prefix}/bin'
build_alias=''
datadir='${datarootdir}'
datarootdir='${prefix}/share'
docdir='${datarootdir}/doc/${PACKAGE}'
dvidir='${docdir}'
exec_prefix='NONE'
host_alias=''
htmldir='${docdir}'
includedir='${prefix}/include'
infodir='${datarootdir}/info'
libdir='${exec_prefix}/lib'
libexecdir='${exec_prefix}/libexec'
localedir='${datarootdir}/locale'
localstatedir='${prefix}/var'
mandir='${datarootdir}/man'
oldincludedir='/usr/include'
pdfdir='${docdir}'
prefix='/data/data/com.termux/files/home'
program_transform_name='s,x,x,'
psdir='${docdir}'
runstatedir='${localstatedir}/run'
sbindir='${exec_prefix}/sbin'
sharedstatedir='${prefix}/com'
sysconfdir='${prefix}/etc'
target_alias=''

## ----------- ##
## confdefs.h. ##
## ----------- ##

/* confdefs.h */
#define PACKAGE_NAME ""
#define PACKAGE_TARNAME ""
#define PACKAGE_VERSION ""
#define PACKAGE_STRING ""
#define PACKAGE_BUGREPORT ""
#define PACKAGE_URL ""

configure: caught signal 2
configure: exit 1
